\BOOKMARK [0][]{chapter.1}{Introdu\347\343o}{}% 1
\BOOKMARK [1][]{section.1.1}{Motiva\347\343o e Objetivos}{chapter.1}% 2
\BOOKMARK [0][]{chapter.2}{Conceitos, T\351cnicas e Ferramentas}{}% 3
\BOOKMARK [1][]{section.2.1}{Conceitos}{chapter.2}% 4
\BOOKMARK [1][]{section.2.2}{T\351cnicas}{chapter.2}% 5
\BOOKMARK [1][]{section.2.3}{Ferramentas}{chapter.2}% 6
\BOOKMARK [0][]{chapter.3}{Proposta}{}% 7
\BOOKMARK [1][]{section.3.1}{Tem\341tica}{chapter.3}% 8
\BOOKMARK [1][]{section.3.2}{Mec\342nicas}{chapter.3}% 9
\BOOKMARK [1][]{section.3.3}{Gameplay}{chapter.3}% 10
\BOOKMARK [1][]{section.3.4}{Recursos Audiovisuais}{chapter.3}% 11
\BOOKMARK [0][]{chapter.4}{Desenvolvimento}{}% 12
\BOOKMARK [1][]{section.4.1}{STEAMING}{chapter.4}% 13
\BOOKMARK [1][]{section.4.2}{Gerenciador de Saves}{chapter.4}% 14
\BOOKMARK [1][]{section.4.3}{Script de Fases}{chapter.4}% 15
\BOOKMARK [1][]{section.4.4}{Shaders}{chapter.4}% 16
\BOOKMARK [1][]{section.4.5}{Juiceness}{chapter.4}% 17
\BOOKMARK [1][]{section.4.6}{Problemas e Desafios}{chapter.4}% 18
\BOOKMARK [0][]{chapter.5}{Resultados}{}% 19
\BOOKMARK [1][]{section.5.1}{Conte\372do}{chapter.5}% 20
\BOOKMARK [1][]{section.5.2}{Eventos}{chapter.5}% 21
\BOOKMARK [1][]{section.5.3}{Como Jogar}{chapter.5}% 22
\BOOKMARK [0][]{chapter.6}{Conclus\365es - Parte Subjetiva}{}% 23
\BOOKMARK [1][]{section.6.1}{Gradua\347\343o e o Trabalho de Formatura}{chapter.6}% 24
\BOOKMARK [1][]{section.6.2}{Trabalhos Futuros}{chapter.6}% 25
\BOOKMARK [0][]{appendix*.12}{Refer\352ncias Bibliogr\341ficas}{}% 26
